<?xml version="1.0" encoding="UTF-8"?>
<!-- Generated by org.testng.reporters.JUnitReportReporter -->
<testsuite hostname="User-PC" failures="0" tests="1" name="com.test.Testcase" time="83.206" errors="0" timestamp="29 Apr 2021 07:16:33 GMT">
  <testcase classname="com.test.Testcase" name="testRun" time="83.206"/>
</testsuite> <!-- com.test.Testcase -->
